2020-12-29T14:07:29: PM2 log: ===============================================================================
2020-12-29T14:07:29: PM2 log: --- New PM2 Daemon started ----------------------------------------------------
2020-12-29T14:07:29: PM2 log: Time                 : Tue Dec 29 2020 14:07:29 GMT+0100 (Midden-Europese standaardtijd)
2020-12-29T14:07:29: PM2 log: PM2 version          : 4.5.1
2020-12-29T14:07:29: PM2 log: Node.js version      : 14.15.1
2020-12-29T14:07:29: PM2 log: Current arch         : x64
2020-12-29T14:07:29: PM2 log: PM2 home             : no
2020-12-29T14:07:29: PM2 log: PM2 PID file         : C:\Users\27747\OneDrive - Sint-Paulusschool\DiscordBot\no\pm2.pid
2020-12-29T14:07:29: PM2 log: RPC socket file      : \\.\pipe\rpc.sock
2020-12-29T14:07:29: PM2 log: BUS socket file      : \\.\pipe\pub.sock
2020-12-29T14:07:29: PM2 log: Application log path : C:\Users\27747\OneDrive - Sint-Paulusschool\DiscordBot\no\logs
2020-12-29T14:07:29: PM2 log: Worker Interval      : 30000
2020-12-29T14:07:29: PM2 log: Process dump file    : C:\Users\27747\OneDrive - Sint-Paulusschool\DiscordBot\no\dump.pm2
2020-12-29T14:07:29: PM2 log: Concurrent actions   : 2
2020-12-29T14:07:29: PM2 log: SIGTERM timeout      : 1600
2020-12-29T14:07:29: PM2 log: ===============================================================================
2020-12-29T14:07:29: PM2 log: App [main:0] starting in -fork mode-
2020-12-29T14:07:29: PM2 log: App [main:0] online
2020-12-29T14:17:55: PM2 log: Stopping app:main id:0
2020-12-29T14:17:55: PM2 log: App [main:0] exited with code [1] via signal [SIGINT]
2020-12-29T14:17:55: PM2 log: pid=8260 msg=process killed
2020-12-29T14:17:56: PM2 log: PM2 successfully stopped
